{"/Users/josesalas/Desktop/Platzi/jest-2019-react-vue/platzi-vue-jest-master/src/App.vue": {"path":"/Users/josesalas/Desktop/Platzi/jest-2019-react-vue/platzi-vue-jest-master/src/App.vue","statementMap":{"0":{"start":{"line":9,"column":0},"end":{"line":null,"column":-1}}},"fnMap":{},"branchMap":{},"s":{"0":0},"f":{},"b":{}}
,"/Users/josesalas/Desktop/Platzi/jest-2019-react-vue/platzi-vue-jest-master/src/components/HelloWorld.vue": {"path":"/Users/josesalas/Desktop/Platzi/jest-2019-react-vue/platzi-vue-jest-master/src/components/HelloWorld.vue","statementMap":{"0":{"start":{"line":21,"column":0},"end":{"line":null,"column":-1}}},"fnMap":{"0":{"name":"data","decl":{"start":{"line":20,"column":0},"end":{"line":null,"column":-1}},"loc":{"start":{"line":20,"column":0},"end":{"line":24,"column":0}}}},"branchMap":{},"s":{"0":2},"f":{"0":2},"b":{}}
}
